<?xml version="1.0" encoding="UTF-8"?>
<testng-results skipped="0" failed="1" ignored="0" total="11" passed="10">
  <reporter-output>
  </reporter-output>
  <suite name="Suite" duration-ms="183763" started-at="2021-09-04T21:57:54 IST" finished-at="2021-09-04T22:00:58 IST">
    <groups>
    </groups>
    <test name="Test" duration-ms="183763" started-at="2021-09-04T21:57:54 IST" finished-at="2021-09-04T22:00:58 IST">
      <class name="com.gtpl.qa.testcases.HomePageTest">
        <test-method status="PASS" signature="setup()[pri:0, instance:com.gtpl.qa.testcases.HomePageTest@7e0e6aa2]" name="setup" is-config="true" duration-ms="15252" started-at="2021-09-04T21:57:54 IST" finished-at="2021-09-04T21:58:10 IST">
          <reporter-output>
          </reporter-output>
        </test-method> <!-- setup -->
        <test-method status="PASS" signature="validateHomePageTitle()[pri:1, instance:com.gtpl.qa.testcases.HomePageTest@7e0e6aa2]" name="validateHomePageTitle" duration-ms="389" started-at="2021-09-04T21:58:10 IST" finished-at="2021-09-04T21:58:10 IST">
          <reporter-output>
          </reporter-output>
        </test-method> <!-- validateHomePageTitle -->
        <test-method status="PASS" signature="close()[pri:0, instance:com.gtpl.qa.testcases.HomePageTest@7e0e6aa2]" name="close" is-config="true" duration-ms="956" started-at="2021-09-04T21:58:10 IST" finished-at="2021-09-04T21:58:11 IST">
          <reporter-output>
          </reporter-output>
        </test-method> <!-- close -->
        <test-method status="PASS" signature="setup()[pri:0, instance:com.gtpl.qa.testcases.HomePageTest@7e0e6aa2]" name="setup" is-config="true" duration-ms="13896" started-at="2021-09-04T21:58:11 IST" finished-at="2021-09-04T21:58:25 IST">
          <reporter-output>
          </reporter-output>
        </test-method> <!-- setup -->
        <test-method status="PASS" signature="validateHomePageBankLogo()[pri:2, instance:com.gtpl.qa.testcases.HomePageTest@7e0e6aa2]" name="validateHomePageBankLogo" duration-ms="140" started-at="2021-09-04T21:58:25 IST" finished-at="2021-09-04T21:58:25 IST">
          <reporter-output>
          </reporter-output>
        </test-method> <!-- validateHomePageBankLogo -->
        <test-method status="PASS" signature="close()[pri:0, instance:com.gtpl.qa.testcases.HomePageTest@7e0e6aa2]" name="close" is-config="true" duration-ms="962" started-at="2021-09-04T21:58:25 IST" finished-at="2021-09-04T21:58:26 IST">
          <reporter-output>
          </reporter-output>
        </test-method> <!-- close -->
        <test-method status="PASS" signature="setup()[pri:0, instance:com.gtpl.qa.testcases.HomePageTest@7e0e6aa2]" name="setup" is-config="true" duration-ms="14005" started-at="2021-09-04T21:58:26 IST" finished-at="2021-09-04T21:58:40 IST">
          <reporter-output>
          </reporter-output>
        </test-method> <!-- setup -->
        <test-method status="PASS" signature="verifyHomePage()[pri:3, instance:com.gtpl.qa.testcases.HomePageTest@7e0e6aa2]" name="verifyHomePage" duration-ms="125" started-at="2021-09-04T21:58:40 IST" finished-at="2021-09-04T21:58:40 IST">
          <reporter-output>
          </reporter-output>
        </test-method> <!-- verifyHomePage -->
        <test-method status="PASS" signature="close()[pri:0, instance:com.gtpl.qa.testcases.HomePageTest@7e0e6aa2]" name="close" is-config="true" duration-ms="1205" started-at="2021-09-04T21:58:40 IST" finished-at="2021-09-04T21:58:41 IST">
          <reporter-output>
          </reporter-output>
        </test-method> <!-- close -->
        <test-method status="PASS" signature="setup()[pri:0, instance:com.gtpl.qa.testcases.HomePageTest@7e0e6aa2]" name="setup" is-config="true" duration-ms="14079" started-at="2021-09-04T21:58:41 IST" finished-at="2021-09-04T21:58:56 IST">
          <reporter-output>
          </reporter-output>
        </test-method> <!-- setup -->
        <test-method status="PASS" signature="verifyHomePageLinks()[pri:4, instance:com.gtpl.qa.testcases.HomePageTest@7e0e6aa2]" name="verifyHomePageLinks" duration-ms="1002" started-at="2021-09-04T21:58:56 IST" finished-at="2021-09-04T21:58:57 IST">
          <reporter-output>
          </reporter-output>
        </test-method> <!-- verifyHomePageLinks -->
        <test-method status="PASS" signature="close()[pri:0, instance:com.gtpl.qa.testcases.HomePageTest@7e0e6aa2]" name="close" is-config="true" duration-ms="964" started-at="2021-09-04T21:58:57 IST" finished-at="2021-09-04T21:58:57 IST">
          <reporter-output>
          </reporter-output>
        </test-method> <!-- close -->
      </class> <!-- com.gtpl.qa.testcases.HomePageTest -->
      <class name="com.gtpl.qa.testcases.NewCustomerPageTest">
        <test-method status="PASS" signature="setup()[pri:0, instance:com.gtpl.qa.testcases.NewCustomerPageTest@5c18298f]" name="setup" is-config="true" duration-ms="14477" started-at="2021-09-04T21:58:57 IST" finished-at="2021-09-04T21:59:12 IST">
          <reporter-output>
          </reporter-output>
        </test-method> <!-- setup -->
        <test-method status="PASS" signature="validateNewCustomerPageTitle()[pri:1, instance:com.gtpl.qa.testcases.NewCustomerPageTest@5c18298f]" name="validateNewCustomerPageTitle" duration-ms="22" started-at="2021-09-04T21:59:12 IST" finished-at="2021-09-04T21:59:12 IST">
          <reporter-output>
          </reporter-output>
        </test-method> <!-- validateNewCustomerPageTitle -->
        <test-method status="PASS" signature="close()[pri:0, instance:com.gtpl.qa.testcases.NewCustomerPageTest@5c18298f]" name="close" is-config="true" duration-ms="944" started-at="2021-09-04T21:59:12 IST" finished-at="2021-09-04T21:59:13 IST">
          <reporter-output>
          </reporter-output>
        </test-method> <!-- close -->
        <test-method status="PASS" signature="setup()[pri:0, instance:com.gtpl.qa.testcases.NewCustomerPageTest@5c18298f]" name="setup" is-config="true" duration-ms="14304" started-at="2021-09-04T21:59:13 IST" finished-at="2021-09-04T21:59:27 IST">
          <reporter-output>
          </reporter-output>
        </test-method> <!-- setup -->
        <test-method status="PASS" signature="valiadateBankLogo()[pri:2, instance:com.gtpl.qa.testcases.NewCustomerPageTest@5c18298f]" name="valiadateBankLogo" duration-ms="141" started-at="2021-09-04T21:59:27 IST" finished-at="2021-09-04T21:59:27 IST">
          <reporter-output>
          </reporter-output>
        </test-method> <!-- valiadateBankLogo -->
        <test-method status="PASS" signature="close()[pri:0, instance:com.gtpl.qa.testcases.NewCustomerPageTest@5c18298f]" name="close" is-config="true" duration-ms="937" started-at="2021-09-04T21:59:27 IST" finished-at="2021-09-04T21:59:28 IST">
          <reporter-output>
          </reporter-output>
        </test-method> <!-- close -->
        <test-method status="PASS" signature="setup()[pri:0, instance:com.gtpl.qa.testcases.NewCustomerPageTest@5c18298f]" name="setup" is-config="true" duration-ms="14998" started-at="2021-09-04T21:59:28 IST" finished-at="2021-09-04T21:59:43 IST">
          <reporter-output>
          </reporter-output>
        </test-method> <!-- setup -->
        <test-method status="PASS" signature="validateNewCustomerPage()[pri:3, instance:com.gtpl.qa.testcases.NewCustomerPageTest@5c18298f]" name="validateNewCustomerPage" duration-ms="116" started-at="2021-09-04T21:59:43 IST" finished-at="2021-09-04T21:59:43 IST">
          <reporter-output>
          </reporter-output>
        </test-method> <!-- validateNewCustomerPage -->
        <test-method status="PASS" signature="close()[pri:0, instance:com.gtpl.qa.testcases.NewCustomerPageTest@5c18298f]" name="close" is-config="true" duration-ms="1010" started-at="2021-09-04T21:59:43 IST" finished-at="2021-09-04T21:59:44 IST">
          <reporter-output>
          </reporter-output>
        </test-method> <!-- close -->
        <test-method status="PASS" signature="setup()[pri:0, instance:com.gtpl.qa.testcases.NewCustomerPageTest@5c18298f]" name="setup" is-config="true" duration-ms="14318" started-at="2021-09-04T21:59:45 IST" finished-at="2021-09-04T21:59:59 IST">
          <reporter-output>
          </reporter-output>
        </test-method> <!-- setup -->
        <test-method status="FAIL" signature="enterCustomerData(java.lang.String,java.lang.String,java.lang.String,java.lang.String,java.lang.String,java.lang.String,java.lang.String,java.lang.String,java.lang.String,java.lang.String)[pri:4, instance:com.gtpl.qa.testcases.NewCustomerPageTest@5c18298f]" name="enterCustomerData" duration-ms="21904" started-at="2021-09-04T21:59:59 IST" data-provider="customerData" finished-at="2021-09-04T22:00:21 IST">
          <params>
            <param index="0">
              <value>
                <![CDATA[Jack Hill]]>
              </value>
            </param>
            <param index="1">
              <value>
                <![CDATA[male]]>
              </value>
            </param>
            <param index="2">
              <value>
                <![CDATA[12121990]]>
              </value>
            </param>
            <param index="3">
              <value>
                <![CDATA[D.no:12-1/2, Kothaguda]]>
              </value>
            </param>
            <param index="4">
              <value>
                <![CDATA[Hyderabad]]>
              </value>
            </param>
            <param index="5">
              <value>
                <![CDATA[Telangana]]>
              </value>
            </param>
            <param index="6">
              <value>
                <![CDATA[500000]]>
              </value>
            </param>
            <param index="7">
              <value>
                <![CDATA[9879466666]]>
              </value>
            </param>
            <param index="8">
              <value>
                <![CDATA[test@gmail.com]]>
              </value>
            </param>
            <param index="9">
              <value>
                <![CDATA[444444]]>
              </value>
            </param>
          </params>
          <exception class="org.openqa.selenium.NoSuchElementException">
            <message>
              <![CDATA[no such element: Unable to locate element: {"method":"css selector","selector":"*[name='password']"}
  (Session info: chrome=93.0.4577.63)
For documentation on this error, please visit: https://www.seleniumhq.org/exceptions/no_such_element.html
Build info: version: '3.141.59', revision: 'e82be7d358', time: '2018-11-14T08:17:03'
System info: host: 'LAPTOP-7N9U184H', ip: '192.168.0.105', os.name: 'Windows 10', os.arch: 'amd64', os.version: '10.0', java.version: '1.8.0_291'
Driver info: org.openqa.selenium.chrome.ChromeDriver
Capabilities {acceptInsecureCerts: false, browserName: chrome, browserVersion: 93.0.4577.63, chrome: {chromedriverVersion: 93.0.4577.15 (660fc11082ba5..., userDataDir: C:\Users\krish\AppData\Loca...}, goog:chromeOptions: {debuggerAddress: localhost:56255}, javascriptEnabled: true, networkConnectionEnabled: false, pageLoadStrategy: normal, platform: WINDOWS, platformName: WINDOWS, proxy: Proxy(), setWindowRect: true, strictFileInteractability: false, timeouts: {implicit: 0, pageLoad: 300000, script: 30000}, unhandledPromptBehavior: dismiss and notify, webauthn:extension:credBlob: true, webauthn:extension:largeBlob: true, webauthn:virtualAuthenticators: true}
Session ID: 7c21e35636859d6d497c56269b12c956
*** Element info: {Using=name, value=password}]]>
            </message>
            <full-stacktrace>
              <![CDATA[org.openqa.selenium.NoSuchElementException: no such element: Unable to locate element: {"method":"css selector","selector":"*[name='password']"}
  (Session info: chrome=93.0.4577.63)
For documentation on this error, please visit: https://www.seleniumhq.org/exceptions/no_such_element.html
Build info: version: '3.141.59', revision: 'e82be7d358', time: '2018-11-14T08:17:03'
System info: host: 'LAPTOP-7N9U184H', ip: '192.168.0.105', os.name: 'Windows 10', os.arch: 'amd64', os.version: '10.0', java.version: '1.8.0_291'
Driver info: org.openqa.selenium.chrome.ChromeDriver
Capabilities {acceptInsecureCerts: false, browserName: chrome, browserVersion: 93.0.4577.63, chrome: {chromedriverVersion: 93.0.4577.15 (660fc11082ba5..., userDataDir: C:\Users\krish\AppData\Loca...}, goog:chromeOptions: {debuggerAddress: localhost:56255}, javascriptEnabled: true, networkConnectionEnabled: false, pageLoadStrategy: normal, platform: WINDOWS, platformName: WINDOWS, proxy: Proxy(), setWindowRect: true, strictFileInteractability: false, timeouts: {implicit: 0, pageLoad: 300000, script: 30000}, unhandledPromptBehavior: dismiss and notify, webauthn:extension:credBlob: true, webauthn:extension:largeBlob: true, webauthn:virtualAuthenticators: true}
Session ID: 7c21e35636859d6d497c56269b12c956
*** Element info: {Using=name, value=password}
at sun.reflect.NativeConstructorAccessorImpl.newInstance0(Native Method)
at sun.reflect.NativeConstructorAccessorImpl.newInstance(NativeConstructorAccessorImpl.java:62)
at sun.reflect.DelegatingConstructorAccessorImpl.newInstance(DelegatingConstructorAccessorImpl.java:45)
at java.lang.reflect.Constructor.newInstance(Constructor.java:423)
at org.openqa.selenium.remote.http.W3CHttpResponseCodec.createException(W3CHttpResponseCodec.java:187)
at org.openqa.selenium.remote.http.W3CHttpResponseCodec.decode(W3CHttpResponseCodec.java:122)
at org.openqa.selenium.remote.http.W3CHttpResponseCodec.decode(W3CHttpResponseCodec.java:49)
at org.openqa.selenium.remote.HttpCommandExecutor.execute(HttpCommandExecutor.java:158)
at org.openqa.selenium.remote.service.DriverCommandExecutor.execute(DriverCommandExecutor.java:83)
at org.openqa.selenium.remote.RemoteWebDriver.execute(RemoteWebDriver.java:552)
at org.openqa.selenium.remote.RemoteWebDriver.findElement(RemoteWebDriver.java:323)
at org.openqa.selenium.remote.RemoteWebDriver.findElementByName(RemoteWebDriver.java:404)
at org.openqa.selenium.By$ByName.findElement(By.java:284)
at org.openqa.selenium.remote.RemoteWebDriver.findElement(RemoteWebDriver.java:315)
at org.openqa.selenium.support.pagefactory.DefaultElementLocator.findElement(DefaultElementLocator.java:69)
at org.openqa.selenium.support.pagefactory.internal.LocatingElementHandler.invoke(LocatingElementHandler.java:38)
at com.sun.proxy.$Proxy10.sendKeys(Unknown Source)
at com.gtpl.qa.pages.NewCustomerPage.createNewCustomer(NewCustomerPage.java:99)
at com.gtpl.qa.testcases.NewCustomerPageTest.enterCustomerData(NewCustomerPageTest.java:60)
at sun.reflect.NativeMethodAccessorImpl.invoke0(Native Method)
at sun.reflect.NativeMethodAccessorImpl.invoke(NativeMethodAccessorImpl.java:62)
at sun.reflect.DelegatingMethodAccessorImpl.invoke(DelegatingMethodAccessorImpl.java:43)
at java.lang.reflect.Method.invoke(Method.java:498)
at org.testng.internal.MethodInvocationHelper.invokeMethod(MethodInvocationHelper.java:133)
at org.testng.internal.TestInvoker.invokeMethod(TestInvoker.java:598)
at org.testng.internal.TestInvoker.invokeTestMethod(TestInvoker.java:173)
at org.testng.internal.MethodRunner.runInSequence(MethodRunner.java:46)
at org.testng.internal.TestInvoker$MethodInvocationAgent.invoke(TestInvoker.java:824)
at org.testng.internal.TestInvoker.invokeTestMethods(TestInvoker.java:146)
at org.testng.internal.TestMethodWorker.invokeTestMethods(TestMethodWorker.java:146)
at org.testng.internal.TestMethodWorker.run(TestMethodWorker.java:128)
at java.util.ArrayList.forEach(ArrayList.java:1259)
at org.testng.TestRunner.privateRun(TestRunner.java:794)
at org.testng.TestRunner.run(TestRunner.java:596)
at org.testng.SuiteRunner.runTest(SuiteRunner.java:377)
at org.testng.SuiteRunner.runSequentially(SuiteRunner.java:371)
at org.testng.SuiteRunner.privateRun(SuiteRunner.java:332)
at org.testng.SuiteRunner.run(SuiteRunner.java:276)
at org.testng.SuiteRunnerWorker.runSuite(SuiteRunnerWorker.java:53)
at org.testng.SuiteRunnerWorker.run(SuiteRunnerWorker.java:96)
at org.testng.TestNG.runSuitesSequentially(TestNG.java:1212)
at org.testng.TestNG.runSuitesLocally(TestNG.java:1134)
at org.testng.TestNG.runSuites(TestNG.java:1063)
at org.testng.TestNG.run(TestNG.java:1031)
at org.testng.remote.AbstractRemoteTestNG.run(AbstractRemoteTestNG.java:115)
at org.testng.remote.RemoteTestNG.initAndRun(RemoteTestNG.java:251)
at org.testng.remote.RemoteTestNG.main(RemoteTestNG.java:77)
]]>
            </full-stacktrace>
          </exception> <!-- org.openqa.selenium.NoSuchElementException -->
          <reporter-output>
          </reporter-output>
        </test-method> <!-- enterCustomerData -->
        <test-method status="PASS" signature="close()[pri:0, instance:com.gtpl.qa.testcases.NewCustomerPageTest@5c18298f]" name="close" is-config="true" duration-ms="4862" started-at="2021-09-04T22:00:22 IST" finished-at="2021-09-04T22:00:26 IST">
          <reporter-output>
          </reporter-output>
        </test-method> <!-- close -->
      </class> <!-- com.gtpl.qa.testcases.NewCustomerPageTest -->
      <class name="com.gtpl.qa.testcases.LoginPageTest">
        <test-method status="PASS" signature="setup()[pri:0, instance:com.gtpl.qa.testcases.LoginPageTest@31f924f5]" name="setup" is-config="true" duration-ms="7437" started-at="2021-09-04T22:00:26 IST" finished-at="2021-09-04T22:00:34 IST">
          <reporter-output>
          </reporter-output>
        </test-method> <!-- setup -->
        <test-method status="PASS" signature="validateTitle()[pri:1, instance:com.gtpl.qa.testcases.LoginPageTest@31f924f5]" name="validateTitle" duration-ms="42" started-at="2021-09-04T22:00:34 IST" finished-at="2021-09-04T22:00:34 IST">
          <reporter-output>
          </reporter-output>
        </test-method> <!-- validateTitle -->
        <test-method status="PASS" signature="close()[pri:0, instance:com.gtpl.qa.testcases.LoginPageTest@31f924f5]" name="close" is-config="true" duration-ms="954" started-at="2021-09-04T22:00:34 IST" finished-at="2021-09-04T22:00:35 IST">
          <reporter-output>
          </reporter-output>
        </test-method> <!-- close -->
        <test-method status="PASS" signature="setup()[pri:0, instance:com.gtpl.qa.testcases.LoginPageTest@31f924f5]" name="setup" is-config="true" duration-ms="7173" started-at="2021-09-04T22:00:35 IST" finished-at="2021-09-04T22:00:42 IST">
          <reporter-output>
          </reporter-output>
        </test-method> <!-- setup -->
        <test-method status="PASS" signature="validateBankLogo()[pri:2, instance:com.gtpl.qa.testcases.LoginPageTest@31f924f5]" name="validateBankLogo" duration-ms="114" started-at="2021-09-04T22:00:42 IST" finished-at="2021-09-04T22:00:42 IST">
          <reporter-output>
          </reporter-output>
        </test-method> <!-- validateBankLogo -->
        <test-method status="PASS" signature="close()[pri:0, instance:com.gtpl.qa.testcases.LoginPageTest@31f924f5]" name="close" is-config="true" duration-ms="924" started-at="2021-09-04T22:00:42 IST" finished-at="2021-09-04T22:00:43 IST">
          <reporter-output>
          </reporter-output>
        </test-method> <!-- close -->
        <test-method status="PASS" signature="setup()[pri:0, instance:com.gtpl.qa.testcases.LoginPageTest@31f924f5]" name="setup" is-config="true" duration-ms="7249" started-at="2021-09-04T22:00:43 IST" finished-at="2021-09-04T22:00:50 IST">
          <reporter-output>
          </reporter-output>
        </test-method> <!-- setup -->
        <test-method status="PASS" signature="checkingLoginPageWithValidCredentials()[pri:3, instance:com.gtpl.qa.testcases.LoginPageTest@31f924f5]" name="checkingLoginPageWithValidCredentials" duration-ms="6778" started-at="2021-09-04T22:00:50 IST" finished-at="2021-09-04T22:00:57 IST">
          <reporter-output>
          </reporter-output>
        </test-method> <!-- checkingLoginPageWithValidCredentials -->
        <test-method status="PASS" signature="close()[pri:0, instance:com.gtpl.qa.testcases.LoginPageTest@31f924f5]" name="close" is-config="true" duration-ms="1021" started-at="2021-09-04T22:00:57 IST" finished-at="2021-09-04T22:00:58 IST">
          <reporter-output>
          </reporter-output>
        </test-method> <!-- close -->
      </class> <!-- com.gtpl.qa.testcases.LoginPageTest -->
    </test> <!-- Test -->
  </suite> <!-- Suite -->
</testng-results>
